This file contains any messages produced by compilers while
running configure, to aid debugging if configure makes a mistake.

It was created by phidget22 C Library configure 1.10.20220530, which was
generated by GNU Autoconf 2.69.  Invocation command line was

  $ ./configure 

## --------- ##
## Platform. ##
## --------- ##

hostname = roosk-MacBookAir
uname -m = x86_64
uname -r = 4.15.0-189-generic
uname -s = Linux
uname -v = #200-Ubuntu SMP Wed Jun 22 19:53:37 UTC 2022

/usr/bin/uname -p = unknown
/bin/uname -X     = unknown

/bin/arch              = unknown
/usr/bin/arch -k       = unknown
/usr/convex/getsysinfo = unknown
/usr/bin/hostinfo      = unknown
/bin/machine           = unknown
/usr/bin/oslevel       = unknown
/bin/universe          = unknown

PATH: /usr/local/sbin
PATH: /usr/local/bin
PATH: /usr/sbin
PATH: /usr/bin
PATH: /sbin
PATH: /bin
PATH: /snap/bin


## ----------- ##
## Core tests. ##
## ----------- ##

configure:2181: checking for a BSD-compatible install
configure:2249: result: /usr/bin/install -c
configure:2260: checking whether build environment is sane
configure:2315: result: yes
configure:2466: checking for a thread-safe mkdir -p
configure:2505: result: /bin/mkdir -p
configure:2512: checking for gawk
configure:2542: result: no
configure:2512: checking for mawk
configure:2528: found /usr/bin/mawk
configure:2539: result: mawk
configure:2550: checking whether make sets $(MAKE)
configure:2572: result: yes
configure:2601: checking whether make supports nested variables
configure:2618: result: yes
configure:2756: checking for style of include used by make
configure:2784: result: GNU
configure:2855: checking for gcc
configure:2871: found /usr/bin/gcc
configure:2882: result: gcc
configure:3111: checking for C compiler version
configure:3120: gcc --version >&5
gcc (Ubuntu 7.5.0-3ubuntu1~18.04) 7.5.0
Copyright (C) 2017 Free Software Foundation, Inc.
This is free software; see the source for copying conditions.  There is NO
warranty; not even for MERCHANTABILITY or FITNESS FOR A PARTICULAR PURPOSE.

configure:3131: $? = 0
configure:3120: gcc -v >&5
Using built-in specs.
COLLECT_GCC=gcc
COLLECT_LTO_WRAPPER=/usr/lib/gcc/x86_64-linux-gnu/7/lto-wrapper
OFFLOAD_TARGET_NAMES=nvptx-none
OFFLOAD_TARGET_DEFAULT=1
Target: x86_64-linux-gnu
Configured with: ../src/configure -v --with-pkgversion='Ubuntu 7.5.0-3ubuntu1~18.04' --with-bugurl=file:///usr/share/doc/gcc-7/README.Bugs --enable-languages=c,ada,c++,go,brig,d,fortran,objc,obj-c++ --prefix=/usr --with-gcc-major-version-only --program-suffix=-7 --program-prefix=x86_64-linux-gnu- --enable-shared --enable-linker-build-id --libexecdir=/usr/lib --without-included-gettext --enable-threads=posix --libdir=/usr/lib --enable-nls --enable-bootstrap --enable-clocale=gnu --enable-libstdcxx-debug --enable-libstdcxx-time=yes --with-default-libstdcxx-abi=new --enable-gnu-unique-object --disable-vtable-verify --enable-libmpx --enable-plugin --enable-default-pie --with-system-zlib --with-target-system-zlib --enable-objc-gc=auto --enable-multiarch --disable-werror --with-arch-32=i686 --with-abi=m64 --with-multilib-list=m32,m64,mx32 --enable-multilib --with-tune=generic --enable-offload-targets=nvptx-none --without-cuda-driver --enable-checking=release --build=x86_64-linux-gnu --host=x86_64-linux-gnu --target=x86_64-linux-gnu
Thread model: posix
gcc version 7.5.0 (Ubuntu 7.5.0-3ubuntu1~18.04) 
configure:3131: $? = 0
configure:3120: gcc -V >&5
gcc: error: unrecognized command line option '-V'
gcc: fatal error: no input files
compilation terminated.
configure:3131: $? = 1
configure:3120: gcc -qversion >&5
gcc: error: unrecognized command line option '-qversion'; did you mean '--version'?
gcc: fatal error: no input files
compilation terminated.
configure:3131: $? = 1
configure:3151: checking whether the C compiler works
configure:3173: gcc    conftest.c  >&5
configure:3177: $? = 0
configure:3225: result: yes
configure:3228: checking for C compiler default output file name
configure:3230: result: a.out
configure:3236: checking for suffix of executables
configure:3243: gcc -o conftest    conftest.c  >&5
configure:3247: $? = 0
configure:3269: result: 
configure:3291: checking whether we are cross compiling
configure:3299: gcc -o conftest    conftest.c  >&5
configure:3303: $? = 0
configure:3310: ./conftest
configure:3314: $? = 0
configure:3329: result: no
configure:3334: checking for suffix of object files
configure:3356: gcc -c   conftest.c >&5
configure:3360: $? = 0
configure:3381: result: o
configure:3385: checking whether we are using the GNU C compiler
configure:3404: gcc -c   conftest.c >&5
configure:3404: $? = 0
configure:3413: result: yes
configure:3422: checking whether gcc accepts -g
configure:3442: gcc -c -g  conftest.c >&5
configure:3442: $? = 0
configure:3483: result: yes
configure:3500: checking for gcc option to accept ISO C89
configure:3563: gcc  -c -g -O2  conftest.c >&5
configure:3563: $? = 0
configure:3576: result: none needed
configure:3601: checking whether gcc understands -c and -o together
configure:3623: gcc -c conftest.c -o conftest2.o
configure:3626: $? = 0
configure:3623: gcc -c conftest.c -o conftest2.o
configure:3626: $? = 0
configure:3638: result: yes
configure:3657: checking dependency style of gcc
configure:3768: result: gcc3
configure:3833: checking for ar
configure:3849: found /usr/bin/ar
configure:3860: result: ar
configure:3886: checking the archiver (ar) interface
configure:3902: gcc -c -g -O2  conftest.c >&5
configure:3902: $? = 0
configure:3904: ar cru libconftest.a conftest.o >&5
ar: `u' modifier ignored since `D' is the default (see `U')
configure:3907: $? = 0
configure:3935: result: ar
configure:3963: checking build system type
configure:3977: result: x86_64-unknown-linux-gnu
configure:3997: checking host system type
configure:4010: result: x86_64-unknown-linux-gnu
configure:4113: checking how to print strings
configure:4140: result: printf
configure:4161: checking for a sed that does not truncate output
configure:4225: result: /bin/sed
configure:4243: checking for grep that handles long lines and -e
configure:4301: result: /bin/grep
configure:4306: checking for egrep
configure:4368: result: /bin/grep -E
configure:4373: checking for fgrep
configure:4435: result: /bin/grep -F
configure:4470: checking for ld used by gcc
configure:4537: result: /usr/bin/ld
configure:4544: checking if the linker (/usr/bin/ld) is GNU ld
configure:4559: result: yes
configure:4571: checking for BSD- or MS-compatible name lister (nm)
configure:4620: result: /usr/bin/nm -B
configure:4750: checking the name lister (/usr/bin/nm -B) interface
configure:4757: gcc -c -g -O2  conftest.c >&5
configure:4760: /usr/bin/nm -B "conftest.o"
configure:4763: output
0000000000000000 B some_variable
configure:4770: result: BSD nm
configure:4773: checking whether ln -s works
configure:4777: result: yes
configure:4785: checking the maximum length of command line arguments
configure:4916: result: 1572864
configure:4933: checking whether the shell understands some XSI constructs
configure:4943: result: yes
configure:4947: checking whether the shell understands "+="
configure:4953: result: yes
configure:4988: checking how to convert x86_64-unknown-linux-gnu file names to x86_64-unknown-linux-gnu format
configure:5028: result: func_convert_file_noop
configure:5035: checking how to convert x86_64-unknown-linux-gnu file names to toolchain format
configure:5055: result: func_convert_file_noop
configure:5062: checking for /usr/bin/ld option to reload object files
configure:5069: result: -r
configure:5143: checking for objdump
configure:5159: found /usr/bin/objdump
configure:5170: result: objdump
configure:5202: checking how to recognize dependent libraries
configure:5400: result: pass_all
configure:5485: checking for dlltool
configure:5515: result: no
configure:5545: checking how to associate runtime and link libraries
configure:5572: result: printf %s\n
configure:5696: checking for archiver @FILE support
configure:5713: gcc -c -g -O2  conftest.c >&5
configure:5713: $? = 0
configure:5716: ar cru libconftest.a @conftest.lst >&5
ar: `u' modifier ignored since `D' is the default (see `U')
configure:5719: $? = 0
configure:5724: ar cru libconftest.a @conftest.lst >&5
ar: `u' modifier ignored since `D' is the default (see `U')
ar: conftest.o: No such file or directory
configure:5727: $? = 1
configure:5739: result: @
configure:5797: checking for strip
configure:5813: found /usr/bin/strip
configure:5824: result: strip
configure:5896: checking for ranlib
configure:5912: found /usr/bin/ranlib
configure:5923: result: ranlib
configure:6025: checking command to parse /usr/bin/nm -B output from gcc object
configure:6145: gcc -c -g -O2  conftest.c >&5
configure:6148: $? = 0
configure:6152: /usr/bin/nm -B conftest.o \| sed -n -e 's/^.*[ ]\([ABCDGIRSTW][ABCDGIRSTW]*\)[ ][ ]*\([_A-Za-z][_A-Za-z0-9]*\)$/\1 \2 \2/p' | sed '/ __gnu_lto/d' \> conftest.nm
configure:6155: $? = 0
configure:6221: gcc -o conftest -g -O2   conftest.c conftstm.o >&5
configure:6224: $? = 0
configure:6262: result: ok
configure:6299: checking for sysroot
configure:6329: result: no
configure:6406: gcc -c -g -O2  conftest.c >&5
configure:6409: $? = 0
configure:6598: checking for mt
configure:6614: found /bin/mt
configure:6625: result: mt
configure:6648: checking if mt is a manifest tool
configure:6654: mt '-?'
configure:6662: result: no
configure:7304: checking how to run the C preprocessor
configure:7335: gcc -E  conftest.c
configure:7335: $? = 0
configure:7349: gcc -E  conftest.c
conftest.c:14:10: fatal error: ac_nonexistent.h: No such file or directory
 #include <ac_nonexistent.h>
          ^~~~~~~~~~~~~~~~~~
compilation terminated.
configure:7349: $? = 1
configure: failed program was:
| /* confdefs.h */
| #define PACKAGE_NAME "phidget22 C Library"
| #define PACKAGE_TARNAME "libphidget22"
| #define PACKAGE_VERSION "1.10.20220530"
| #define PACKAGE_STRING "phidget22 C Library 1.10.20220530"
| #define PACKAGE_BUGREPORT "support@phidgets.com"
| #define PACKAGE_URL "www.phidgets.com"
| #define PACKAGE "libphidget22"
| #define VERSION "1.10.20220530"
| #define P22_LIB_VERSION "1.10.20220530"
| #define _HOST_CPU x86_64
| #define _MACHINE x86_64
| /* end confdefs.h.  */
| #include <ac_nonexistent.h>
configure:7374: result: gcc -E
configure:7394: gcc -E  conftest.c
configure:7394: $? = 0
configure:7408: gcc -E  conftest.c
conftest.c:14:10: fatal error: ac_nonexistent.h: No such file or directory
 #include <ac_nonexistent.h>
          ^~~~~~~~~~~~~~~~~~
compilation terminated.
configure:7408: $? = 1
configure: failed program was:
| /* confdefs.h */
| #define PACKAGE_NAME "phidget22 C Library"
| #define PACKAGE_TARNAME "libphidget22"
| #define PACKAGE_VERSION "1.10.20220530"
| #define PACKAGE_STRING "phidget22 C Library 1.10.20220530"
| #define PACKAGE_BUGREPORT "support@phidgets.com"
| #define PACKAGE_URL "www.phidgets.com"
| #define PACKAGE "libphidget22"
| #define VERSION "1.10.20220530"
| #define P22_LIB_VERSION "1.10.20220530"
| #define _HOST_CPU x86_64
| #define _MACHINE x86_64
| /* end confdefs.h.  */
| #include <ac_nonexistent.h>
configure:7437: checking for ANSI C header files
configure:7457: gcc -c -g -O2  conftest.c >&5
configure:7457: $? = 0
configure:7530: gcc -o conftest -g -O2   conftest.c  >&5
configure:7530: $? = 0
configure:7530: ./conftest
configure:7530: $? = 0
configure:7541: result: yes
configure:7554: checking for sys/types.h
configure:7554: gcc -c -g -O2  conftest.c >&5
configure:7554: $? = 0
configure:7554: result: yes
configure:7554: checking for sys/stat.h
configure:7554: gcc -c -g -O2  conftest.c >&5
configure:7554: $? = 0
configure:7554: result: yes
configure:7554: checking for stdlib.h
configure:7554: gcc -c -g -O2  conftest.c >&5
configure:7554: $? = 0
configure:7554: result: yes
configure:7554: checking for string.h
configure:7554: gcc -c -g -O2  conftest.c >&5
configure:7554: $? = 0
configure:7554: result: yes
configure:7554: checking for memory.h
configure:7554: gcc -c -g -O2  conftest.c >&5
configure:7554: $? = 0
configure:7554: result: yes
configure:7554: checking for strings.h
configure:7554: gcc -c -g -O2  conftest.c >&5
configure:7554: $? = 0
configure:7554: result: yes
configure:7554: checking for inttypes.h
configure:7554: gcc -c -g -O2  conftest.c >&5
configure:7554: $? = 0
configure:7554: result: yes
configure:7554: checking for stdint.h
configure:7554: gcc -c -g -O2  conftest.c >&5
configure:7554: $? = 0
configure:7554: result: yes
configure:7554: checking for unistd.h
configure:7554: gcc -c -g -O2  conftest.c >&5
configure:7554: $? = 0
configure:7554: result: yes
configure:7568: checking for dlfcn.h
configure:7568: gcc -c -g -O2  conftest.c >&5
configure:7568: $? = 0
configure:7568: result: yes
configure:7774: checking for objdir
configure:7789: result: .libs
configure:8060: checking if gcc supports -fno-rtti -fno-exceptions
configure:8078: gcc -c -g -O2  -fno-rtti -fno-exceptions conftest.c >&5
cc1: warning: command line option '-fno-rtti' is valid for C++/ObjC++ but not for C
configure:8082: $? = 0
configure:8095: result: no
configure:8422: checking for gcc option to produce PIC
configure:8429: result: -fPIC -DPIC
configure:8437: checking if gcc PIC flag -fPIC -DPIC works
configure:8455: gcc -c -g -O2  -fPIC -DPIC -DPIC conftest.c >&5
configure:8459: $? = 0
configure:8472: result: yes
configure:8501: checking if gcc static flag -static works
configure:8529: result: yes
configure:8544: checking if gcc supports -c -o file.o
configure:8565: gcc -c -g -O2  -o out/conftest2.o conftest.c >&5
configure:8569: $? = 0
configure:8591: result: yes
configure:8599: checking if gcc supports -c -o file.o
configure:8646: result: yes
configure:8679: checking whether the gcc linker (/usr/bin/ld -m elf_x86_64) supports shared libraries
configure:9836: result: yes
configure:9873: checking whether -lc should be explicitly linked in
configure:9881: gcc -c -g -O2  conftest.c >&5
configure:9884: $? = 0
configure:9899: gcc -shared  -fPIC -DPIC conftest.o  -v -Wl,-soname -Wl,conftest -o conftest 2\>\&1 \| /bin/grep  -lc  \>/dev/null 2\>\&1
configure:9902: $? = 0
configure:9916: result: no
configure:10076: checking dynamic linker characteristics
configure:10576: gcc -o conftest -g -O2   -Wl,-rpath -Wl,/foo conftest.c  >&5
configure:10576: $? = 0
configure:10810: result: GNU/Linux ld.so
configure:10917: checking how to hardcode library paths into programs
configure:10942: result: immediate
configure:11482: checking whether stripping libraries is possible
configure:11487: result: yes
configure:11522: checking if libtool supports shared libraries
configure:11524: result: yes
configure:11527: checking whether to build shared libraries
configure:11548: result: yes
configure:11551: checking whether to build static libraries
configure:11555: result: yes
configure:11604: checking whether make supports nested variables
configure:11621: result: yes
configure:11636: checking for gcc option to accept ISO C99
configure:11785: gcc  -c -g -O2  conftest.c >&5
configure:11785: $? = 0
configure:11798: result: none needed
configure:11818: checking whether byte ordering is bigendian
configure:11833: gcc -c -g -O2  conftest.c >&5
conftest.c:27:9: error: unknown type name 'not'
         not a universal capable compiler
         ^~~
conftest.c:27:15: error: expected '=', ',', ';', 'asm' or '__attribute__' before 'universal'
         not a universal capable compiler
               ^~~~~~~~~
conftest.c:27:15: error: unknown type name 'universal'
configure:11833: $? = 1
configure: failed program was:
| /* confdefs.h */
| #define PACKAGE_NAME "phidget22 C Library"
| #define PACKAGE_TARNAME "libphidget22"
| #define PACKAGE_VERSION "1.10.20220530"
| #define PACKAGE_STRING "phidget22 C Library 1.10.20220530"
| #define PACKAGE_BUGREPORT "support@phidgets.com"
| #define PACKAGE_URL "www.phidgets.com"
| #define PACKAGE "libphidget22"
| #define VERSION "1.10.20220530"
| #define P22_LIB_VERSION "1.10.20220530"
| #define _HOST_CPU x86_64
| #define _MACHINE x86_64
| #define STDC_HEADERS 1
| #define HAVE_SYS_TYPES_H 1
| #define HAVE_SYS_STAT_H 1
| #define HAVE_STDLIB_H 1
| #define HAVE_STRING_H 1
| #define HAVE_MEMORY_H 1
| #define HAVE_STRINGS_H 1
| #define HAVE_INTTYPES_H 1
| #define HAVE_STDINT_H 1
| #define HAVE_UNISTD_H 1
| #define HAVE_DLFCN_H 1
| #define LT_OBJDIR ".libs/"
| /* end confdefs.h.  */
| #ifndef __APPLE_CC__
| 	       not a universal capable compiler
| 	     #endif
| 	     typedef int dummy;
| 
configure:11878: gcc -c -g -O2  conftest.c >&5
configure:11878: $? = 0
configure:11896: gcc -c -g -O2  conftest.c >&5
conftest.c: In function 'main':
conftest.c:33:4: error: unknown type name 'not'; did you mean 'ino_t'?
    not big endian
    ^~~
    ino_t
conftest.c:33:12: error: expected '=', ',', ';', 'asm' or '__attribute__' before 'endian'
    not big endian
            ^~~~~~
configure:11896: $? = 1
configure: failed program was:
| /* confdefs.h */
| #define PACKAGE_NAME "phidget22 C Library"
| #define PACKAGE_TARNAME "libphidget22"
| #define PACKAGE_VERSION "1.10.20220530"
| #define PACKAGE_STRING "phidget22 C Library 1.10.20220530"
| #define PACKAGE_BUGREPORT "support@phidgets.com"
| #define PACKAGE_URL "www.phidgets.com"
| #define PACKAGE "libphidget22"
| #define VERSION "1.10.20220530"
| #define P22_LIB_VERSION "1.10.20220530"
| #define _HOST_CPU x86_64
| #define _MACHINE x86_64
| #define STDC_HEADERS 1
| #define HAVE_SYS_TYPES_H 1
| #define HAVE_SYS_STAT_H 1
| #define HAVE_STDLIB_H 1
| #define HAVE_STRING_H 1
| #define HAVE_MEMORY_H 1
| #define HAVE_STRINGS_H 1
| #define HAVE_INTTYPES_H 1
| #define HAVE_STDINT_H 1
| #define HAVE_UNISTD_H 1
| #define HAVE_DLFCN_H 1
| #define LT_OBJDIR ".libs/"
| /* end confdefs.h.  */
| #include <sys/types.h>
| 		#include <sys/param.h>
| 
| int
| main ()
| {
| #if BYTE_ORDER != BIG_ENDIAN
| 		 not big endian
| 		#endif
| 
|   ;
|   return 0;
| }
configure:12024: result: no
configure:12049: checking for ldconfig
configure:12067: found /sbin/ldconfig
configure:12080: result: /sbin/ldconfig
configure:12092: checking for library containing dlopen
configure:12123: gcc -o conftest -g -O2   conftest.c  >&5
/tmp/cctpjtz9.o: In function `main':
/home/roosk/Snowflake/setup_scripts/libphidget22-1.10.20220530/conftest.c:38: undefined reference to `dlopen'
collect2: error: ld returned 1 exit status
configure:12123: $? = 1
configure: failed program was:
| /* confdefs.h */
| #define PACKAGE_NAME "phidget22 C Library"
| #define PACKAGE_TARNAME "libphidget22"
| #define PACKAGE_VERSION "1.10.20220530"
| #define PACKAGE_STRING "phidget22 C Library 1.10.20220530"
| #define PACKAGE_BUGREPORT "support@phidgets.com"
| #define PACKAGE_URL "www.phidgets.com"
| #define PACKAGE "libphidget22"
| #define VERSION "1.10.20220530"
| #define P22_LIB_VERSION "1.10.20220530"
| #define _HOST_CPU x86_64
| #define _MACHINE x86_64
| #define STDC_HEADERS 1
| #define HAVE_SYS_TYPES_H 1
| #define HAVE_SYS_STAT_H 1
| #define HAVE_STDLIB_H 1
| #define HAVE_STRING_H 1
| #define HAVE_MEMORY_H 1
| #define HAVE_STRINGS_H 1
| #define HAVE_INTTYPES_H 1
| #define HAVE_STDINT_H 1
| #define HAVE_UNISTD_H 1
| #define HAVE_DLFCN_H 1
| #define LT_OBJDIR ".libs/"
| #define MOS_BYTE_ORDER MOS_LITTLE_ENDIAN
| /* end confdefs.h.  */
| 
| /* Override any GCC internal prototype to avoid an error.
|    Use char because int might match the return type of a GCC
|    builtin and then its argument prototype would still apply.  */
| #ifdef __cplusplus
| extern "C"
| #endif
| char dlopen ();
| int
| main ()
| {
| return dlopen ();
|   ;
|   return 0;
| }
configure:12123: gcc -o conftest -g -O2   conftest.c -ldl   >&5
configure:12123: $? = 0
configure:12140: result: -ldl
configure:12150: checking for library containing sqrt
configure:12181: gcc -o conftest -g -O2   conftest.c -ldl  >&5
conftest.c:34:6: warning: conflicting types for built-in function 'sqrt' [-Wbuiltin-declaration-mismatch]
 char sqrt ();
      ^~~~
/tmp/ccTEyHAd.o: In function `main':
/home/roosk/Snowflake/setup_scripts/libphidget22-1.10.20220530/conftest.c:38: undefined reference to `sqrt'
collect2: error: ld returned 1 exit status
configure:12181: $? = 1
configure: failed program was:
| /* confdefs.h */
| #define PACKAGE_NAME "phidget22 C Library"
| #define PACKAGE_TARNAME "libphidget22"
| #define PACKAGE_VERSION "1.10.20220530"
| #define PACKAGE_STRING "phidget22 C Library 1.10.20220530"
| #define PACKAGE_BUGREPORT "support@phidgets.com"
| #define PACKAGE_URL "www.phidgets.com"
| #define PACKAGE "libphidget22"
| #define VERSION "1.10.20220530"
| #define P22_LIB_VERSION "1.10.20220530"
| #define _HOST_CPU x86_64
| #define _MACHINE x86_64
| #define STDC_HEADERS 1
| #define HAVE_SYS_TYPES_H 1
| #define HAVE_SYS_STAT_H 1
| #define HAVE_STDLIB_H 1
| #define HAVE_STRING_H 1
| #define HAVE_MEMORY_H 1
| #define HAVE_STRINGS_H 1
| #define HAVE_INTTYPES_H 1
| #define HAVE_STDINT_H 1
| #define HAVE_UNISTD_H 1
| #define HAVE_DLFCN_H 1
| #define LT_OBJDIR ".libs/"
| #define MOS_BYTE_ORDER MOS_LITTLE_ENDIAN
| /* end confdefs.h.  */
| 
| /* Override any GCC internal prototype to avoid an error.
|    Use char because int might match the return type of a GCC
|    builtin and then its argument prototype would still apply.  */
| #ifdef __cplusplus
| extern "C"
| #endif
| char sqrt ();
| int
| main ()
| {
| return sqrt ();
|   ;
|   return 0;
| }
configure:12181: gcc -o conftest -g -O2   conftest.c -lm  -ldl  >&5
conftest.c:34:6: warning: conflicting types for built-in function 'sqrt' [-Wbuiltin-declaration-mismatch]
 char sqrt ();
      ^~~~
configure:12181: $? = 0
configure:12198: result: -lm
configure:12208: checking for library containing pthread_create
configure:12239: gcc -o conftest -g -O2   conftest.c -lm -ldl  >&5
/tmp/ccAzH7zm.o: In function `main':
/home/roosk/Snowflake/setup_scripts/libphidget22-1.10.20220530/conftest.c:38: undefined reference to `pthread_create'
collect2: error: ld returned 1 exit status
configure:12239: $? = 1
configure: failed program was:
| /* confdefs.h */
| #define PACKAGE_NAME "phidget22 C Library"
| #define PACKAGE_TARNAME "libphidget22"
| #define PACKAGE_VERSION "1.10.20220530"
| #define PACKAGE_STRING "phidget22 C Library 1.10.20220530"
| #define PACKAGE_BUGREPORT "support@phidgets.com"
| #define PACKAGE_URL "www.phidgets.com"
| #define PACKAGE "libphidget22"
| #define VERSION "1.10.20220530"
| #define P22_LIB_VERSION "1.10.20220530"
| #define _HOST_CPU x86_64
| #define _MACHINE x86_64
| #define STDC_HEADERS 1
| #define HAVE_SYS_TYPES_H 1
| #define HAVE_SYS_STAT_H 1
| #define HAVE_STDLIB_H 1
| #define HAVE_STRING_H 1
| #define HAVE_MEMORY_H 1
| #define HAVE_STRINGS_H 1
| #define HAVE_INTTYPES_H 1
| #define HAVE_STDINT_H 1
| #define HAVE_UNISTD_H 1
| #define HAVE_DLFCN_H 1
| #define LT_OBJDIR ".libs/"
| #define MOS_BYTE_ORDER MOS_LITTLE_ENDIAN
| /* end confdefs.h.  */
| 
| /* Override any GCC internal prototype to avoid an error.
|    Use char because int might match the return type of a GCC
|    builtin and then its argument prototype would still apply.  */
| #ifdef __cplusplus
| extern "C"
| #endif
| char pthread_create ();
| int
| main ()
| {
| return pthread_create ();
|   ;
|   return 0;
| }
configure:12239: gcc -o conftest -g -O2   conftest.c -lpthread  -lm -ldl  >&5
configure:12239: $? = 0
configure:12256: result: -lpthread
configure:12267: checking for library containing libusb_init
configure:12298: gcc -o conftest -g -O2   conftest.c -lpthread -lm -ldl  >&5
/tmp/ccIcyYuq.o: In function `main':
/home/roosk/Snowflake/setup_scripts/libphidget22-1.10.20220530/conftest.c:39: undefined reference to `libusb_init'
collect2: error: ld returned 1 exit status
configure:12298: $? = 1
configure: failed program was:
| /* confdefs.h */
| #define PACKAGE_NAME "phidget22 C Library"
| #define PACKAGE_TARNAME "libphidget22"
| #define PACKAGE_VERSION "1.10.20220530"
| #define PACKAGE_STRING "phidget22 C Library 1.10.20220530"
| #define PACKAGE_BUGREPORT "support@phidgets.com"
| #define PACKAGE_URL "www.phidgets.com"
| #define PACKAGE "libphidget22"
| #define VERSION "1.10.20220530"
| #define P22_LIB_VERSION "1.10.20220530"
| #define _HOST_CPU x86_64
| #define _MACHINE x86_64
| #define STDC_HEADERS 1
| #define HAVE_SYS_TYPES_H 1
| #define HAVE_SYS_STAT_H 1
| #define HAVE_STDLIB_H 1
| #define HAVE_STRING_H 1
| #define HAVE_MEMORY_H 1
| #define HAVE_STRINGS_H 1
| #define HAVE_INTTYPES_H 1
| #define HAVE_STDINT_H 1
| #define HAVE_UNISTD_H 1
| #define HAVE_DLFCN_H 1
| #define LT_OBJDIR ".libs/"
| #define MOS_BYTE_ORDER MOS_LITTLE_ENDIAN
| #define _MOS_PTHREADS 1
| /* end confdefs.h.  */
| 
| /* Override any GCC internal prototype to avoid an error.
|    Use char because int might match the return type of a GCC
|    builtin and then its argument prototype would still apply.  */
| #ifdef __cplusplus
| extern "C"
| #endif
| char libusb_init ();
| int
| main ()
| {
| return libusb_init ();
|   ;
|   return 0;
| }
configure:12298: gcc -o conftest -g -O2   conftest.c -lusb-1.0  -lpthread -lm -ldl  >&5
configure:12298: $? = 0
configure:12315: result: -lusb-1.0
configure:12636: checking for newlocale in xlocale.h
configure:12651: gcc -c -g -O2  conftest.c >&5
conftest.c:34:14: fatal error: xlocale.h: No such file or directory
     #include <xlocale.h>
              ^~~~~~~~~~~
compilation terminated.
configure:12651: $? = 1
configure: failed program was:
| /* confdefs.h */
| #define PACKAGE_NAME "phidget22 C Library"
| #define PACKAGE_TARNAME "libphidget22"
| #define PACKAGE_VERSION "1.10.20220530"
| #define PACKAGE_STRING "phidget22 C Library 1.10.20220530"
| #define PACKAGE_BUGREPORT "support@phidgets.com"
| #define PACKAGE_URL "www.phidgets.com"
| #define PACKAGE "libphidget22"
| #define VERSION "1.10.20220530"
| #define P22_LIB_VERSION "1.10.20220530"
| #define _HOST_CPU x86_64
| #define _MACHINE x86_64
| #define STDC_HEADERS 1
| #define HAVE_SYS_TYPES_H 1
| #define HAVE_SYS_STAT_H 1
| #define HAVE_STDLIB_H 1
| #define HAVE_STRING_H 1
| #define HAVE_MEMORY_H 1
| #define HAVE_STRINGS_H 1
| #define HAVE_INTTYPES_H 1
| #define HAVE_STDINT_H 1
| #define HAVE_UNISTD_H 1
| #define HAVE_DLFCN_H 1
| #define LT_OBJDIR ".libs/"
| #define MOS_BYTE_ORDER MOS_LITTLE_ENDIAN
| #define _MOS_PTHREADS 1
| #define UNIX 1
| #define _LINUX 1
| #define Linux 1
| #define LIBUSB_ASYNC 1
| #define NDEBUG 1
| /* end confdefs.h.  */
| 
|     #include <xlocale.h>
| 
| int
| main ()
| {
| newlocale(LC_ALL_MASK, "C", NULL)
|   ;
|   return 0;
| }
configure:12664: result: no
configure:12666: checking for newlocale in locale.h
configure:12683: gcc -c -g -O2  conftest.c >&5
configure:12683: $? = 0
configure:12693: result: yes
configure:12872: checking that generated files are newer than configure
configure:12878: result: done
configure:12914: creating ./config.status

## ---------------------- ##
## Running config.status. ##
## ---------------------- ##

This file was extended by phidget22 C Library config.status 1.10.20220530, which was
generated by GNU Autoconf 2.69.  Invocation command line was

  CONFIG_FILES    = 
  CONFIG_HEADERS  = 
  CONFIG_LINKS    = 
  CONFIG_COMMANDS = 
  $ ./config.status 

on roosk-MacBookAir

config.status:1015: creating Makefile
config.status:1015: creating libphidget22.pc
config.status:1187: executing depfiles commands
config.status:1187: executing libtool commands

## ---------------- ##
## Cache variables. ##
## ---------------- ##

ac_cv_build=x86_64-unknown-linux-gnu
ac_cv_c_bigendian=no
ac_cv_c_compiler_gnu=yes
ac_cv_env_CC_set=
ac_cv_env_CC_value=
ac_cv_env_CFLAGS_set=
ac_cv_env_CFLAGS_value=
ac_cv_env_CPPFLAGS_set=
ac_cv_env_CPPFLAGS_value=
ac_cv_env_CPP_set=
ac_cv_env_CPP_value=
ac_cv_env_LDCONFIG_set=
ac_cv_env_LDCONFIG_value=
ac_cv_env_LDFLAGS_set=
ac_cv_env_LDFLAGS_value=
ac_cv_env_LIBS_set=
ac_cv_env_LIBS_value=
ac_cv_env_build_alias_set=
ac_cv_env_build_alias_value=
ac_cv_env_host_alias_set=
ac_cv_env_host_alias_value=
ac_cv_env_target_alias_set=
ac_cv_env_target_alias_value=
ac_cv_header_dlfcn_h=yes
ac_cv_header_inttypes_h=yes
ac_cv_header_memory_h=yes
ac_cv_header_stdc=yes
ac_cv_header_stdint_h=yes
ac_cv_header_stdlib_h=yes
ac_cv_header_string_h=yes
ac_cv_header_strings_h=yes
ac_cv_header_sys_stat_h=yes
ac_cv_header_sys_types_h=yes
ac_cv_header_unistd_h=yes
ac_cv_host=x86_64-unknown-linux-gnu
ac_cv_objext=o
ac_cv_path_EGREP='/bin/grep -E'
ac_cv_path_FGREP='/bin/grep -F'
ac_cv_path_GREP=/bin/grep
ac_cv_path_LDCONFIG=/sbin/ldconfig
ac_cv_path_SED=/bin/sed
ac_cv_path_install='/usr/bin/install -c'
ac_cv_path_mkdir=/bin/mkdir
ac_cv_prog_AWK=mawk
ac_cv_prog_CPP='gcc -E'
ac_cv_prog_ac_ct_AR=ar
ac_cv_prog_ac_ct_CC=gcc
ac_cv_prog_ac_ct_MANIFEST_TOOL=mt
ac_cv_prog_ac_ct_OBJDUMP=objdump
ac_cv_prog_ac_ct_RANLIB=ranlib
ac_cv_prog_ac_ct_STRIP=strip
ac_cv_prog_cc_c89=
ac_cv_prog_cc_c99=
ac_cv_prog_cc_g=yes
ac_cv_prog_make_make_set=yes
ac_cv_search_dlopen=-ldl
ac_cv_search_libusb_init=-lusb-1.0
ac_cv_search_pthread_create=-lpthread
ac_cv_search_sqrt=-lm
am_cv_CC_dependencies_compiler_type=gcc3
am_cv_ar_interface=ar
am_cv_make_support_nested_variables=yes
am_cv_prog_cc_c_o=yes
lt_cv_ar_at_file=@
lt_cv_archive_cmds_need_lc=no
lt_cv_deplibs_check_method=pass_all
lt_cv_file_magic_cmd='$MAGIC_CMD'
lt_cv_file_magic_test_file=
lt_cv_ld_reload_flag=-r
lt_cv_nm_interface='BSD nm'
lt_cv_objdir=.libs
lt_cv_path_LD=/usr/bin/ld
lt_cv_path_NM='/usr/bin/nm -B'
lt_cv_path_mainfest_tool=no
lt_cv_prog_compiler_c_o=yes
lt_cv_prog_compiler_pic='-fPIC -DPIC'
lt_cv_prog_compiler_pic_works=yes
lt_cv_prog_compiler_rtti_exceptions=no
lt_cv_prog_compiler_static_works=yes
lt_cv_prog_gnu_ld=yes
lt_cv_sharedlib_from_linklib_cmd='printf %s\n'
lt_cv_shlibpath_overrides_runpath=yes
lt_cv_sys_global_symbol_pipe='sed -n -e '\''s/^.*[	 ]\([ABCDGIRSTW][ABCDGIRSTW]*\)[	 ][	 ]*\([_A-Za-z][_A-Za-z0-9]*\)$/\1 \2 \2/p'\'' | sed '\''/ __gnu_lto/d'\'''
lt_cv_sys_global_symbol_to_c_name_address='sed -n -e '\''s/^: \([^ ]*\)[ ]*$/  {\"\1\", (void *) 0},/p'\'' -e '\''s/^[ABCDGIRSTW]* \([^ ]*\) \([^ ]*\)$/  {"\2", (void *) \&\2},/p'\'''
lt_cv_sys_global_symbol_to_c_name_address_lib_prefix='sed -n -e '\''s/^: \([^ ]*\)[ ]*$/  {\"\1\", (void *) 0},/p'\'' -e '\''s/^[ABCDGIRSTW]* \([^ ]*\) \(lib[^ ]*\)$/  {"\2", (void *) \&\2},/p'\'' -e '\''s/^[ABCDGIRSTW]* \([^ ]*\) \([^ ]*\)$/  {"lib\2", (void *) \&\2},/p'\'''
lt_cv_sys_global_symbol_to_cdecl='sed -n -e '\''s/^T .* \(.*\)$/extern int \1();/p'\'' -e '\''s/^[ABCDGIRSTW]* .* \(.*\)$/extern char \1;/p'\'''
lt_cv_sys_max_cmd_len=1572864
lt_cv_to_host_file_cmd=func_convert_file_noop
lt_cv_to_tool_file_cmd=func_convert_file_noop

## ----------------- ##
## Output variables. ##
## ----------------- ##

ACLOCAL='${SHELL} /home/roosk/Snowflake/setup_scripts/libphidget22-1.10.20220530/build/missing aclocal-1.14'
AMDEPBACKSLASH='\'
AMDEP_FALSE='#'
AMDEP_TRUE=''
AMTAR='$${TAR-tar}'
AM_BACKSLASH='\'
AM_DEFAULT_V='$(AM_DEFAULT_VERBOSITY)'
AM_DEFAULT_VERBOSITY='0'
AM_V='$(V)'
AR='ar'
AUTOCONF='${SHELL} /home/roosk/Snowflake/setup_scripts/libphidget22-1.10.20220530/build/missing autoconf'
AUTOHEADER='${SHELL} /home/roosk/Snowflake/setup_scripts/libphidget22-1.10.20220530/build/missing autoheader'
AUTOMAKE='${SHELL} /home/roosk/Snowflake/setup_scripts/libphidget22-1.10.20220530/build/missing automake-1.14'
AWK='mawk'
CC='gcc'
CCDEPMODE='depmode=gcc3'
CFLAGS='-g -O2'
CPP='gcc -E'
CPPFLAGS=''
CYGPATH_W='echo'
DEFS='-DPACKAGE_NAME=\"phidget22\ C\ Library\" -DPACKAGE_TARNAME=\"libphidget22\" -DPACKAGE_VERSION=\"1.10.20220530\" -DPACKAGE_STRING=\"phidget22\ C\ Library\ 1.10.20220530\" -DPACKAGE_BUGREPORT=\"support@phidgets.com\" -DPACKAGE_URL=\"www.phidgets.com\" -DPACKAGE=\"libphidget22\" -DVERSION=\"1.10.20220530\" -DP22_LIB_VERSION=\"1.10.20220530\" -D_HOST_CPU=x86_64 -D_MACHINE=x86_64 -DSTDC_HEADERS=1 -DHAVE_SYS_TYPES_H=1 -DHAVE_SYS_STAT_H=1 -DHAVE_STDLIB_H=1 -DHAVE_STRING_H=1 -DHAVE_MEMORY_H=1 -DHAVE_STRINGS_H=1 -DHAVE_INTTYPES_H=1 -DHAVE_STDINT_H=1 -DHAVE_UNISTD_H=1 -DHAVE_DLFCN_H=1 -DLT_OBJDIR=\".libs/\" -DMOS_BYTE_ORDER=MOS_LITTLE_ENDIAN -D_MOS_PTHREADS=1 -DUNIX=1 -D_LINUX=1 -DLinux=1 -DLIBUSB_ASYNC=1 -DNDEBUG=1 -DTHREAD_LOCALE_LOCALE_H=1'
DEPDIR='.deps'
DLLTOOL='false'
DSYMUTIL=''
DUMPBIN=''
ECHO_C=''
ECHO_N='-n'
ECHO_T=''
EGREP='/bin/grep -E'
EXEEXT=''
FGREP='/bin/grep -F'
GREP='/bin/grep'
INSTALL_DATA='${INSTALL} -m 644'
INSTALL_PROGRAM='${INSTALL}'
INSTALL_SCRIPT='${INSTALL}'
INSTALL_STRIP_PROGRAM='$(install_sh) -c -s'
LABVIEW_FALSE=''
LABVIEW_TRUE='#'
LD='/usr/bin/ld -m elf_x86_64'
LDCONFIG='/sbin/ldconfig'
LDFLAGS=''
LIBOBJS=''
LIBS='-lusb-1.0 -lpthread -lm -ldl '
LIBTOOL='$(SHELL) $(top_builddir)/libtool'
LIPO=''
LN_S='ln -s'
LTLIBOBJS=''
MAKEINFO='${SHELL} /home/roosk/Snowflake/setup_scripts/libphidget22-1.10.20220530/build/missing makeinfo'
MANIFEST_TOOL=':'
MKDIR_P='/bin/mkdir -p'
NM='/usr/bin/nm -B'
NMEDIT=''
OBJDUMP='objdump'
OBJEXT='o'
OS='Linux'
OTOOL64=''
OTOOL=''
PACKAGE='libphidget22'
PACKAGE_BUGREPORT='support@phidgets.com'
PACKAGE_NAME='phidget22 C Library'
PACKAGE_STRING='phidget22 C Library 1.10.20220530'
PACKAGE_TARNAME='libphidget22'
PACKAGE_URL='www.phidgets.com'
PACKAGE_VERSION='1.10.20220530'
PATH_SEPARATOR=':'
RANLIB='ranlib'
RUN_LDCONFIG_FALSE='#'
RUN_LDCONFIG_TRUE=''
SED='/bin/sed'
SET_MAKE=''
SHELL='/bin/bash'
SPI_FALSE=''
SPI_TRUE='#'
STRIP='strip'
VERSION='1.10.20220530'
ac_ct_AR='ar'
ac_ct_CC='gcc'
ac_ct_DUMPBIN=''
am__EXEEXT_FALSE=''
am__EXEEXT_TRUE='#'
am__fastdepCC_FALSE='#'
am__fastdepCC_TRUE=''
am__include='include'
am__isrc=''
am__leading_dot='.'
am__nodep='_no'
am__quote=''
am__tar='$${TAR-tar} chof - "$$tardir"'
am__untar='$${TAR-tar} xf -'
bindir='${exec_prefix}/bin'
build='x86_64-unknown-linux-gnu'
build_alias=''
build_cpu='x86_64'
build_os='linux-gnu'
build_vendor='unknown'
datadir='${datarootdir}'
datarootdir='${prefix}/share'
docdir='${datarootdir}/doc/${PACKAGE_TARNAME}'
dvidir='${docdir}'
exec_prefix='${prefix}'
host='x86_64-unknown-linux-gnu'
host_alias=''
host_cpu='x86_64'
host_os='linux-gnu'
host_vendor='unknown'
htmldir='${docdir}'
includedir='${prefix}/include'
infodir='${datarootdir}/info'
install_sh='${SHELL} /home/roosk/Snowflake/setup_scripts/libphidget22-1.10.20220530/build/install-sh'
libdir='${exec_prefix}/lib'
libexecdir='${exec_prefix}/libexec'
localedir='${datarootdir}/locale'
localstatedir='${prefix}/var'
mandir='${datarootdir}/man'
mkdir_p='$(MKDIR_P)'
oldincludedir='/usr/include'
pdfdir='${docdir}'
prefix='/usr/local'
program_transform_name='s,x,x,'
psdir='${docdir}'
sbindir='${exec_prefix}/sbin'
sharedstatedir='${prefix}/com'
sysconfdir='${prefix}/etc'
target_alias=''

## ----------- ##
## confdefs.h. ##
## ----------- ##

/* confdefs.h */
#define PACKAGE_NAME "phidget22 C Library"
#define PACKAGE_TARNAME "libphidget22"
#define PACKAGE_VERSION "1.10.20220530"
#define PACKAGE_STRING "phidget22 C Library 1.10.20220530"
#define PACKAGE_BUGREPORT "support@phidgets.com"
#define PACKAGE_URL "www.phidgets.com"
#define PACKAGE "libphidget22"
#define VERSION "1.10.20220530"
#define P22_LIB_VERSION "1.10.20220530"
#define _HOST_CPU x86_64
#define _MACHINE x86_64
#define STDC_HEADERS 1
#define HAVE_SYS_TYPES_H 1
#define HAVE_SYS_STAT_H 1
#define HAVE_STDLIB_H 1
#define HAVE_STRING_H 1
#define HAVE_MEMORY_H 1
#define HAVE_STRINGS_H 1
#define HAVE_INTTYPES_H 1
#define HAVE_STDINT_H 1
#define HAVE_UNISTD_H 1
#define HAVE_DLFCN_H 1
#define LT_OBJDIR ".libs/"
#define MOS_BYTE_ORDER MOS_LITTLE_ENDIAN
#define _MOS_PTHREADS 1
#define UNIX 1
#define _LINUX 1
#define Linux 1
#define LIBUSB_ASYNC 1
#define NDEBUG 1
#define THREAD_LOCALE_LOCALE_H 1

configure: exit 0
